<?xml version="1.0" encoding="UTF-8" ?>
<adfc-config xmlns="http://xmlns.oracle.com/adf/controller" version="1.2">
  <task-flow-definition id="test-btf">
    <default-activity id="__1">region</default-activity>
    <exception-handler id="__12">regionException</exception-handler>
    <view id="region">
      <page>/region.jsff</page>
    </view>
    <view id="page2">
      <page>/page2.jsff</page>
    </view>
    <view id="regionException">
      <page>/regionException.jsff</page>
    </view>
    <control-flow-rule id="__2">
      <from-activity-id id="__3">region</from-activity-id>
      <control-flow-case id="__4">
        <from-outcome id="__6">gopage2</from-outcome>
        <to-activity-id id="__5">page2</to-activity-id>
      </control-flow-case>
    </control-flow-rule>
    <control-flow-rule id="__7">
      <from-activity-id id="__8">page2</from-activity-id>
      <control-flow-case id="__10">
        <from-outcome id="__11">goregion</from-outcome>
        <to-activity-id id="__9">region</to-activity-id>
      </control-flow-case>
    </control-flow-rule>
    <use-page-fragments/>
  </task-flow-definition>
</adfc-config>
